# JRE version: OpenJDK Runtime Environment (8.0_152-b02) (build 1.8.0_152-release-1024-b02)
# Java VM: OpenJDK 64-Bit Server VM (25.152-b02 mixed mode windows-amd64 compressed oops)
Heap:
 PSYoungGen      total 219648K, used 19860K [0x00000000e0000000, 0x00000000f2800000, 0x0000000100000000)
  eden space 193536K, 0% used [0x00000000e0000000,0x00000000e0000000,0x00000000ebd00000)
  from space 26112K, 76% used [0x00000000ebd00000,0x00000000ed065338,0x00000000ed680000)
  to   space 27136K, 0% used [0x00000000f0d80000,0x00000000f0d80000,0x00000000f2800000)
 ParOldGen       total 120320K, used 29835K [0x00000000a0000000, 0x00000000a7580000, 0x00000000e0000000)
  object space 120320K, 24% used [0x00000000a0000000,0x00000000a1d22e68,0x00000000a7580000)
 Metaspace       used 57055K, capacity 58856K, committed 58968K, reserved 1099776K
  class space    used 7809K, capacity 8237K, committed 8320K, reserved 1048576K
GC Heap History (10 events):
Event: 8.973 GC heap after
Heap after GC invocations=9 (full 2):
 PSYoungGen      total 133632K, used 13234K [0x00000000e0000000, 0x00000000ebf00000, 0x0000000100000000)
  eden space 120320K, 0% used [0x00000000e0000000,0x00000000e0000000,0x00000000e7580000)
  from space 13312K, 99% used [0x00000000e7580000,0x00000000e826c930,0x00000000e8280000)
  to   space 14848K, 0% used [0x00000000eb080000,0x00000000eb080000,0x00000000ebf00000)
 ParOldGen       total 120320K, used 18243K [0x00000000a0000000, 0x00000000a7580000, 0x00000000e0000000)
  object space 120320K, 15% used [0x00000000a0000000,0x00000000a11d0ea8,0x00000000a7580000)
 Metaspace       used 40666K, capacity 41504K, committed 41688K, reserved 1085440K
  class space    used 5564K, capacity 5827K, committed 5888K, reserved 1048576K
}
Event: 11.373 GC heap before
{Heap before GC invocations=10 (full 2):
 PSYoungGen      total 133632K, used 133554K [0x00000000e0000000, 0x00000000ebf00000, 0x0000000100000000)
  eden space 120320K, 100% used [0x00000000e0000000,0x00000000e7580000,0x00000000e7580000)
  from space 13312K, 99% used [0x00000000e7580000,0x00000000e826c930,0x00000000e8280000)
  to   space 14848K, 0% used [0x00000000eb080000,0x00000000eb080000,0x00000000ebf00000)
 ParOldGen       total 120320K, used 18243K [0x00000000a0000000, 0x00000000a7580000, 0x00000000e0000000)
  object space 120320K, 15% used [0x00000000a0000000,0x00000000a11d0ea8,0x00000000a7580000)
 Metaspace       used 51893K, capacity 53524K, committed 53720K, reserved 1095680K
  class space    used 7156K, capacity 7558K, committed 7680K, reserved 1048576K
Event: 11.398 GC heap after
Heap after GC invocations=10 (full 2):
 PSYoungGen      total 176128K, used 14844K [0x00000000e0000000, 0x00000000ec700000, 0x0000000100000000)
  eden space 161280K, 0% used [0x00000000e0000000,0x00000000e0000000,0x00000000e9d80000)
  from space 14848K, 99% used [0x00000000eb080000,0x00000000ebeff338,0x00000000ebf00000)
  to   space 19456K, 0% used [0x00000000e9d80000,0x00000000e9d80000,0x00000000eb080000)
 ParOldGen       total 120320K, used 24288K [0x00000000a0000000, 0x00000000a7580000, 0x00000000e0000000)
  object space 120320K, 20% used [0x00000000a0000000,0x00000000a17b8200,0x00000000a7580000)
 Metaspace       used 51893K, capacity 53524K, committed 53720K, reserved 1095680K
  class space    used 7156K, capacity 7558K, committed 7680K, reserved 1048576K
}
Event: 16.003 GC heap before
{Heap before GC invocations=11 (full 2):
 PSYoungGen      total 176128K, used 176124K [0x00000000e0000000, 0x00000000ec700000, 0x0000000100000000)
  eden space 161280K, 100% used [0x00000000e0000000,0x00000000e9d80000,0x00000000e9d80000)
  from space 14848K, 99% used [0x00000000eb080000,0x00000000ebeff338,0x00000000ebf00000)
  to   space 19456K, 0% used [0x00000000e9d80000,0x00000000e9d80000,0x00000000eb080000)
 ParOldGen       total 120320K, used 24288K [0x00000000a0000000, 0x00000000a7580000, 0x00000000e0000000)
  object space 120320K, 20% used [0x00000000a0000000,0x00000000a17b8200,0x00000000a7580000)
 Metaspace       used 56781K, capacity 58554K, committed 58712K, reserved 1099776K
  class space    used 7768K, capacity 8203K, committed 8320K, reserved 1048576K
Event: 16.034 GC heap after
Heap after GC invocations=11 (full 2):
 PSYoungGen      total 180736K, used 19428K [0x00000000e0000000, 0x00000000eee80000, 0x0000000100000000)
  eden space 161280K, 0% used [0x00000000e0000000,0x00000000e0000000,0x00000000e9d80000)
  from space 19456K, 99% used [0x00000000e9d80000,0x00000000eb079348,0x00000000eb080000)
  to   space 24576K, 0% used [0x00000000ed680000,0x00000000ed680000,0x00000000eee80000)
 ParOldGen       total 120320K, used 29819K [0x00000000a0000000, 0x00000000a7580000, 0x00000000e0000000)
  object space 120320K, 24% used [0x00000000a0000000,0x00000000a1d1ee68,0x00000000a7580000)
 Metaspace       used 56781K, capacity 58554K, committed 58712K, reserved 1099776K
  class space    used 7768K, capacity 8203K, committed 8320K, reserved 1048576K
}
Event: 17.564 GC heap before
{Heap before GC invocations=12 (full 2):
 PSYoungGen      total 180736K, used 180708K [0x00000000e0000000, 0x00000000eee80000, 0x0000000100000000)
  eden space 161280K, 100% used [0x00000000e0000000,0x00000000e9d80000,0x00000000e9d80000)
  from space 19456K, 99% used [0x00000000e9d80000,0x00000000eb079348,0x00000000eb080000)
  to   space 24576K, 0% used [0x00000000ed680000,0x00000000ed680000,0x00000000eee80000)
 ParOldGen       total 120320K, used 29819K [0x00000000a0000000, 0x00000000a7580000, 0x00000000e0000000)
  object space 120320K, 24% used [0x00000000a0000000,0x00000000a1d1ee68,0x00000000a7580000)
 Metaspace       used 56846K, capacity 58618K, committed 58968K, reserved 1099776K
  class space    used 7772K, capacity 8203K, committed 8320K, reserved 1048576K
Event: 17.591 GC heap after
Heap after GC invocations=12 (full 2):
 PSYoungGen      total 218112K, used 19908K [0x00000000e0000000, 0x00000000ef500000, 0x0000000100000000)
  eden space 193536K, 0% used [0x00000000e0000000,0x00000000e0000000,0x00000000ebd00000)
  from space 24576K, 81% used [0x00000000ed680000,0x00000000ee9f1348,0x00000000eee80000)
  to   space 26112K, 0% used [0x00000000ebd00000,0x00000000ebd00000,0x00000000ed680000)
 ParOldGen       total 120320K, used 29827K [0x00000000a0000000, 0x00000000a7580000, 0x00000000e0000000)
  object space 120320K, 24% used [0x00000000a0000000,0x00000000a1d20e68,0x00000000a7580000)
 Metaspace       used 56846K, capacity 58618K, committed 58968K, reserved 1099776K
  class space    used 7772K, capacity 8203K, committed 8320K, reserved 1048576K
}
Event: 18.247 GC heap before
{Heap before GC invocations=13 (full 2):
 PSYoungGen      total 218112K, used 140925K [0x00000000e0000000, 0x00000000ef500000, 0x0000000100000000)
  eden space 193536K, 62% used [0x00000000e0000000,0x00000000e762e138,0x00000000ebd00000)
  from space 24576K, 81% used [0x00000000ed680000,0x00000000ee9f1348,0x00000000eee80000)
  to   space 26112K, 0% used [0x00000000ebd00000,0x00000000ebd00000,0x00000000ed680000)
 ParOldGen       total 120320K, used 29827K [0x00000000a0000000, 0x00000000a7580000, 0x00000000e0000000)
  object space 120320K, 24% used [0x00000000a0000000,0x00000000a1d20e68,0x00000000a7580000)
 Metaspace       used 57055K, capacity 58856K, committed 58968K, reserved 1099776K
  class space    used 7809K, capacity 8237K, committed 8320K, reserved 1048576K
Event: 18.269 GC heap after
Heap after GC invocations=13 (full 2):
 PSYoungGen      total 219648K, used 19860K [0x00000000e0000000, 0x00000000f2800000, 0x0000000100000000)
  eden space 193536K, 0% used [0x00000000e0000000,0x00000000e0000000,0x00000000ebd00000)
  from space 26112K, 76% used [0x00000000ebd00000,0x00000000ed065338,0x00000000ed680000)
  to   space 27136K, 0% used [0x00000000f0d80000,0x00000000f0d80000,0x00000000f2800000)
 ParOldGen       total 120320K, used 29835K [0x00000000a0000000, 0x00000000a7580000, 0x00000000e0000000)
  object space 120320K, 24% used [0x00000000a0000000,0x00000000a1d22e68,0x00000000a7580000)
 Metaspace       used 57055K, capacity 58856K, committed 58968K, reserved 1099776K
  class space    used 7809K, capacity 8237K, committed 8320K, reserved 1048576K
}
Event: 18.270 GC heap before
{Heap before GC invocations=14 (full 3):
 PSYoungGen      total 219648K, used 19860K [0x00000000e0000000, 0x00000000f2800000, 0x0000000100000000)
  eden space 193536K, 0% used [0x00000000e0000000,0x00000000e0000000,0x00000000ebd00000)
  from space 26112K, 76% used [0x00000000ebd00000,0x00000000ed065338,0x00000000ed680000)
  to   space 27136K, 0% used [0x00000000f0d80000,0x00000000f0d80000,0x00000000f2800000)
 ParOldGen       total 120320K, used 29835K [0x00000000a0000000, 0x00000000a7580000, 0x00000000e0000000)
  object space 120320K, 24% used [0x00000000a0000000,0x00000000a1d22e68,0x00000000a7580000)
 Metaspace       used 57055K, capacity 58856K, committed 58968K, reserved 1099776K
  class space    used 7809K, capacity 8237K, committed 8320K, reserved 1048576K

