# JRE version: OpenJDK Runtime Environment (8.0_152-b01) (build 1.8.0_152-release-915-b01)
# Java VM: OpenJDK 64-Bit Server VM (25.152-b01 mixed mode windows-amd64 compressed oops)
Heap:
 PSYoungGen      total 102400K, used 9833K [0x00000000e0000000, 0x00000000e7f00000, 0x0000000100000000)
  eden space 92160K, 0% used [0x00000000e0000000,0x00000000e0000000,0x00000000e5a00000)
  from space 10240K, 96% used [0x00000000e5b80000,0x00000000e651a718,0x00000000e6580000)
  to   space 18944K, 0% used [0x00000000e6c80000,0x00000000e6c80000,0x00000000e7f00000)
 ParOldGen       total 190464K, used 72937K [0x00000000a0000000, 0x00000000aba00000, 0x00000000e0000000)
  object space 190464K, 38% used [0x00000000a0000000,0x00000000a473a648,0x00000000aba00000)
 Metaspace       used 88418K, capacity 98160K, committed 98304K, reserved 1134592K
  class space    used 11330K, capacity 13723K, committed 13824K, reserved 1048576K
GC Heap History (10 events):
Event: 9092.531 GC heap after
Heap after GC invocations=54 (full 3):
 PSYoungGen      total 104960K, used 5248K [0x00000000e0000000, 0x00000000e8d00000, 0x0000000100000000)
  eden space 99328K, 0% used [0x00000000e0000000,0x00000000e0000000,0x00000000e6100000)
  from space 5632K, 93% used [0x00000000e6300000,0x00000000e6820020,0x00000000e6880000)
  to   space 22528K, 0% used [0x00000000e7700000,0x00000000e7700000,0x00000000e8d00000)
 ParOldGen       total 190464K, used 72030K [0x00000000a0000000, 0x00000000aba00000, 0x00000000e0000000)
  object space 190464K, 37% used [0x00000000a0000000,0x00000000a4657af0,0x00000000aba00000)
 Metaspace       used 87926K, capacity 97626K, committed 97920K, reserved 1134592K
  class space    used 11260K, capacity 13650K, committed 13696K, reserved 1048576K
}
Event: 9217.142 GC heap before
{Heap before GC invocations=55 (full 3):
 PSYoungGen      total 104960K, used 104576K [0x00000000e0000000, 0x00000000e8d00000, 0x0000000100000000)
  eden space 99328K, 100% used [0x00000000e0000000,0x00000000e6100000,0x00000000e6100000)
  from space 5632K, 93% used [0x00000000e6300000,0x00000000e6820020,0x00000000e6880000)
  to   space 22528K, 0% used [0x00000000e7700000,0x00000000e7700000,0x00000000e8d00000)
 ParOldGen       total 190464K, used 72030K [0x00000000a0000000, 0x00000000aba00000, 0x00000000e0000000)
  object space 190464K, 37% used [0x00000000a0000000,0x00000000a4657af0,0x00000000aba00000)
 Metaspace       used 87981K, capacity 97746K, committed 97920K, reserved 1134592K
  class space    used 11271K, capacity 13690K, committed 13696K, reserved 1048576K
Event: 9217.149 GC heap after
Heap after GC invocations=55 (full 3):
 PSYoungGen      total 116736K, used 4912K [0x00000000e0000000, 0x00000000e8a00000, 0x0000000100000000)
  eden space 97280K, 0% used [0x00000000e0000000,0x00000000e0000000,0x00000000e5f00000)
  from space 19456K, 25% used [0x00000000e7700000,0x00000000e7bcc010,0x00000000e8a00000)
  to   space 22016K, 0% used [0x00000000e5f00000,0x00000000e5f00000,0x00000000e7480000)
 ParOldGen       total 190464K, used 72529K [0x00000000a0000000, 0x00000000aba00000, 0x00000000e0000000)
  object space 190464K, 38% used [0x00000000a0000000,0x00000000a46d45c0,0x00000000aba00000)
 Metaspace       used 87981K, capacity 97746K, committed 97920K, reserved 1134592K
  class space    used 11271K, capacity 13690K, committed 13696K, reserved 1048576K
}
Event: 9225.702 GC heap before
{Heap before GC invocations=56 (full 3):
 PSYoungGen      total 116736K, used 102192K [0x00000000e0000000, 0x00000000e8a00000, 0x0000000100000000)
  eden space 97280K, 100% used [0x00000000e0000000,0x00000000e5f00000,0x00000000e5f00000)
  from space 19456K, 25% used [0x00000000e7700000,0x00000000e7bcc010,0x00000000e8a00000)
  to   space 22016K, 0% used [0x00000000e5f00000,0x00000000e5f00000,0x00000000e7480000)
 ParOldGen       total 190464K, used 72529K [0x00000000a0000000, 0x00000000aba00000, 0x00000000e0000000)
  object space 190464K, 38% used [0x00000000a0000000,0x00000000a46d45c0,0x00000000aba00000)
 Metaspace       used 88270K, capacity 98094K, committed 98304K, reserved 1134592K
  class space    used 11308K, capacity 13706K, committed 13824K, reserved 1048576K
Event: 9225.713 GC heap after
Heap after GC invocations=56 (full 3):
 PSYoungGen      total 104448K, used 9079K [0x00000000e0000000, 0x00000000e8600000, 0x0000000100000000)
  eden space 95232K, 0% used [0x00000000e0000000,0x00000000e0000000,0x00000000e5d00000)
  from space 9216K, 98% used [0x00000000e5f00000,0x00000000e67ddc70,0x00000000e6800000)
  to   space 20992K, 0% used [0x00000000e7180000,0x00000000e7180000,0x00000000e8600000)
 ParOldGen       total 190464K, used 72601K [0x00000000a0000000, 0x00000000aba00000, 0x00000000e0000000)
  object space 190464K, 38% used [0x00000000a0000000,0x00000000a46e65c0,0x00000000aba00000)
 Metaspace       used 88270K, capacity 98094K, committed 98304K, reserved 1134592K
  class space    used 11308K, capacity 13706K, committed 13824K, reserved 1048576K
}
Event: 9227.182 GC heap before
{Heap before GC invocations=57 (full 3):
 PSYoungGen      total 104448K, used 104311K [0x00000000e0000000, 0x00000000e8600000, 0x0000000100000000)
  eden space 95232K, 100% used [0x00000000e0000000,0x00000000e5d00000,0x00000000e5d00000)
  from space 9216K, 98% used [0x00000000e5f00000,0x00000000e67ddc70,0x00000000e6800000)
  to   space 20992K, 0% used [0x00000000e7180000,0x00000000e7180000,0x00000000e8600000)
 ParOldGen       total 190464K, used 72601K [0x00000000a0000000, 0x00000000aba00000, 0x00000000e0000000)
  object space 190464K, 38% used [0x00000000a0000000,0x00000000a46e65c0,0x00000000aba00000)
 Metaspace       used 88372K, capacity 98158K, committed 98304K, reserved 1134592K
  class space    used 11329K, capacity 13722K, committed 13824K, reserved 1048576K
Event: 9227.193 GC heap after
Heap after GC invocations=57 (full 3):
 PSYoungGen      total 111104K, used 8353K [0x00000000e0000000, 0x00000000e8280000, 0x0000000100000000)
  eden space 93696K, 0% used [0x00000000e0000000,0x00000000e0000000,0x00000000e5b80000)
  from space 17408K, 47% used [0x00000000e7180000,0x00000000e79a85a0,0x00000000e8280000)
  to   space 19968K, 0% used [0x00000000e5b80000,0x00000000e5b80000,0x00000000e6f00000)
 ParOldGen       total 190464K, used 72865K [0x00000000a0000000, 0x00000000aba00000, 0x00000000e0000000)
  object space 190464K, 38% used [0x00000000a0000000,0x00000000a4728648,0x00000000aba00000)
 Metaspace       used 88372K, capacity 98158K, committed 98304K, reserved 1134592K
  class space    used 11329K, capacity 13722K, committed 13824K, reserved 1048576K
}
Event: 9228.283 GC heap before
{Heap before GC invocations=58 (full 3):
 PSYoungGen      total 111104K, used 62193K [0x00000000e0000000, 0x00000000e8280000, 0x0000000100000000)
  eden space 93696K, 57% used [0x00000000e0000000,0x00000000e3494180,0x00000000e5b80000)
  from space 17408K, 47% used [0x00000000e7180000,0x00000000e79a85a0,0x00000000e8280000)
  to   space 19968K, 0% used [0x00000000e5b80000,0x00000000e5b80000,0x00000000e6f00000)
 ParOldGen       total 190464K, used 72865K [0x00000000a0000000, 0x00000000aba00000, 0x00000000e0000000)
  object space 190464K, 38% used [0x00000000a0000000,0x00000000a4728648,0x00000000aba00000)
 Metaspace       used 88418K, capacity 98160K, committed 98304K, reserved 1134592K
  class space    used 11330K, capacity 13723K, committed 13824K, reserved 1048576K
Event: 9228.293 GC heap after
Heap after GC invocations=58 (full 3):
 PSYoungGen      total 102400K, used 9833K [0x00000000e0000000, 0x00000000e7f00000, 0x0000000100000000)
  eden space 92160K, 0% used [0x00000000e0000000,0x00000000e0000000,0x00000000e5a00000)
  from space 10240K, 96% used [0x00000000e5b80000,0x00000000e651a718,0x00000000e6580000)
  to   space 18944K, 0% used [0x00000000e6c80000,0x00000000e6c80000,0x00000000e7f00000)
 ParOldGen       total 190464K, used 72937K [0x00000000a0000000, 0x00000000aba00000, 0x00000000e0000000)
  object space 190464K, 38% used [0x00000000a0000000,0x00000000a473a648,0x00000000aba00000)
 Metaspace       used 88418K, capacity 98160K, committed 98304K, reserved 1134592K
  class space    used 11330K, capacity 13723K, committed 13824K, reserved 1048576K
}
Event: 9228.293 GC heap before
{Heap before GC invocations=59 (full 4):
 PSYoungGen      total 102400K, used 9833K [0x00000000e0000000, 0x00000000e7f00000, 0x0000000100000000)
  eden space 92160K, 0% used [0x00000000e0000000,0x00000000e0000000,0x00000000e5a00000)
  from space 10240K, 96% used [0x00000000e5b80000,0x00000000e651a718,0x00000000e6580000)
  to   space 18944K, 0% used [0x00000000e6c80000,0x00000000e6c80000,0x00000000e7f00000)
 ParOldGen       total 190464K, used 72937K [0x00000000a0000000, 0x00000000aba00000, 0x00000000e0000000)
  object space 190464K, 38% used [0x00000000a0000000,0x00000000a473a648,0x00000000aba00000)
 Metaspace       used 88418K, capacity 98160K, committed 98304K, reserved 1134592K
  class space    used 11330K, capacity 13723K, committed 13824K, reserved 1048576K

