# JRE version: OpenJDK Runtime Environment (8.0_152-b01) (build 1.8.0_152-release-915-b01)
# Java VM: OpenJDK 64-Bit Server VM (25.152-b01 mixed mode windows-amd64 compressed oops)
Heap:
 PSYoungGen      total 359936K, used 350548K [0x00000000e0000000, 0x00000000fc380000, 0x0000000100000000)
  eden space 284160K, 100% used [0x00000000e0000000,0x00000000f1580000,0x00000000f1580000)
  from space 75776K, 87% used [0x00000000f6800000,0x00000000fa8d5110,0x00000000fb200000)
  to   space 84480K, 71% used [0x00000000f1580000,0x00000000f50413d8,0x00000000f6800000)
 ParOldGen       total 208384K, used 175374K [0x00000000a0000000, 0x00000000acb80000, 0x00000000e0000000)
  object space 208384K, 84% used [0x00000000a0000000,0x00000000aab45b88,0x00000000acb80000)
 Metaspace       used 112607K, capacity 121936K, committed 122880K, reserved 1155072K
  class space    used 13929K, capacity 16145K, committed 16384K, reserved 1048576K
GC Heap History (10 events):
Event: 11249.552 GC heap after
Heap after GC invocations=76 (full 4):
 PSYoungGen      total 271872K, used 36152K [0x00000000e0000000, 0x00000000f3b80000, 0x0000000100000000)
  eden space 231424K, 0% used [0x00000000e0000000,0x00000000e0000000,0x00000000ee200000)
  from space 40448K, 89% used [0x00000000f0d80000,0x00000000f30ce3d8,0x00000000f3500000)
  to   space 44544K, 0% used [0x00000000ee200000,0x00000000ee200000,0x00000000f0d80000)
 ParOldGen       total 208384K, used 83084K [0x00000000a0000000, 0x00000000acb80000, 0x00000000e0000000)
  object space 208384K, 39% used [0x00000000a0000000,0x00000000a5123220,0x00000000acb80000)
 Metaspace       used 112369K, capacity 121648K, committed 122496K, reserved 1155072K
  class space    used 13922K, capacity 16113K, committed 16256K, reserved 1048576K
}
Event: 11250.069 GC heap before
{Heap before GC invocations=77 (full 4):
 PSYoungGen      total 271872K, used 267576K [0x00000000e0000000, 0x00000000f3b80000, 0x0000000100000000)
  eden space 231424K, 100% used [0x00000000e0000000,0x00000000ee200000,0x00000000ee200000)
  from space 40448K, 89% used [0x00000000f0d80000,0x00000000f30ce3d8,0x00000000f3500000)
  to   space 44544K, 0% used [0x00000000ee200000,0x00000000ee200000,0x00000000f0d80000)
 ParOldGen       total 208384K, used 83084K [0x00000000a0000000, 0x00000000acb80000, 0x00000000e0000000)
  object space 208384K, 39% used [0x00000000a0000000,0x00000000a5123220,0x00000000acb80000)
 Metaspace       used 112519K, capacity 121872K, committed 122880K, reserved 1155072K
  class space    used 13929K, capacity 16145K, committed 16384K, reserved 1048576K
Event: 11250.138 GC heap after
Heap after GC invocations=77 (full 4):
 PSYoungGen      total 275968K, used 44535K [0x00000000e0000000, 0x00000000f7280000, 0x0000000100000000)
  eden space 231424K, 0% used [0x00000000e0000000,0x00000000e0000000,0x00000000ee200000)
  from space 44544K, 99% used [0x00000000ee200000,0x00000000f0d7def0,0x00000000f0d80000)
  to   space 55808K, 0% used [0x00000000f3c00000,0x00000000f3c00000,0x00000000f7280000)
 ParOldGen       total 208384K, used 96605K [0x00000000a0000000, 0x00000000acb80000, 0x00000000e0000000)
  object space 208384K, 46% used [0x00000000a0000000,0x00000000a5e57610,0x00000000acb80000)
 Metaspace       used 112519K, capacity 121872K, committed 122880K, reserved 1155072K
  class space    used 13929K, capacity 16145K, committed 16384K, reserved 1048576K
}
Event: 11250.639 GC heap before
{Heap before GC invocations=78 (full 4):
 PSYoungGen      total 275968K, used 275959K [0x00000000e0000000, 0x00000000f7280000, 0x0000000100000000)
  eden space 231424K, 100% used [0x00000000e0000000,0x00000000ee200000,0x00000000ee200000)
  from space 44544K, 99% used [0x00000000ee200000,0x00000000f0d7def0,0x00000000f0d80000)
  to   space 55808K, 0% used [0x00000000f3c00000,0x00000000f3c00000,0x00000000f7280000)
 ParOldGen       total 208384K, used 96605K [0x00000000a0000000, 0x00000000acb80000, 0x00000000e0000000)
  object space 208384K, 46% used [0x00000000a0000000,0x00000000a5e57610,0x00000000acb80000)
 Metaspace       used 112541K, capacity 121872K, committed 122880K, reserved 1155072K
  class space    used 13929K, capacity 16145K, committed 16384K, reserved 1048576K
Event: 11250.738 GC heap after
Heap after GC invocations=78 (full 4):
 PSYoungGen      total 307200K, used 55782K [0x00000000e0000000, 0x00000000f9480000, 0x0000000100000000)
  eden space 251392K, 0% used [0x00000000e0000000,0x00000000e0000000,0x00000000ef580000)
  from space 55808K, 99% used [0x00000000f3c00000,0x00000000f7279948,0x00000000f7280000)
  to   space 72192K, 0% used [0x00000000ef580000,0x00000000ef580000,0x00000000f3c00000)
 ParOldGen       total 208384K, used 117552K [0x00000000a0000000, 0x00000000acb80000, 0x00000000e0000000)
  object space 208384K, 56% used [0x00000000a0000000,0x00000000a72cc258,0x00000000acb80000)
 Metaspace       used 112541K, capacity 121872K, committed 122880K, reserved 1155072K
  class space    used 13929K, capacity 16145K, committed 16384K, reserved 1048576K
}
Event: 11251.443 GC heap before
{Heap before GC invocations=79 (full 4):
 PSYoungGen      total 307200K, used 307174K [0x00000000e0000000, 0x00000000f9480000, 0x0000000100000000)
  eden space 251392K, 100% used [0x00000000e0000000,0x00000000ef580000,0x00000000ef580000)
  from space 55808K, 99% used [0x00000000f3c00000,0x00000000f7279948,0x00000000f7280000)
  to   space 72192K, 0% used [0x00000000ef580000,0x00000000ef580000,0x00000000f3c00000)
 ParOldGen       total 208384K, used 118434K [0x00000000a0000000, 0x00000000acb80000, 0x00000000e0000000)
  object space 208384K, 56% used [0x00000000a0000000,0x00000000a73a8960,0x00000000acb80000)
 Metaspace       used 112593K, capacity 121936K, committed 122880K, reserved 1155072K
  class space    used 13929K, capacity 16145K, committed 16384K, reserved 1048576K
Event: 11251.522 GC heap after
Heap after GC invocations=79 (full 4):
 PSYoungGen      total 323584K, used 51558K [0x00000000e0000000, 0x00000000fb200000, 0x0000000100000000)
  eden space 251392K, 0% used [0x00000000e0000000,0x00000000e0000000,0x00000000ef580000)
  from space 72192K, 71% used [0x00000000ef580000,0x00000000f27d9b08,0x00000000f3c00000)
  to   space 75776K, 0% used [0x00000000f6800000,0x00000000f6800000,0x00000000fb200000)
 ParOldGen       total 208384K, used 127402K [0x00000000a0000000, 0x00000000acb80000, 0x00000000e0000000)
  object space 208384K, 61% used [0x00000000a0000000,0x00000000a7c6abe8,0x00000000acb80000)
 Metaspace       used 112593K, capacity 121936K, committed 122880K, reserved 1155072K
  class space    used 13929K, capacity 16145K, committed 16384K, reserved 1048576K
}
Event: 11252.218 GC heap before
{Heap before GC invocations=80 (full 4):
 PSYoungGen      total 323584K, used 302950K [0x00000000e0000000, 0x00000000fb200000, 0x0000000100000000)
  eden space 251392K, 100% used [0x00000000e0000000,0x00000000ef580000,0x00000000ef580000)
  from space 72192K, 71% used [0x00000000ef580000,0x00000000f27d9b08,0x00000000f3c00000)
  to   space 75776K, 0% used [0x00000000f6800000,0x00000000f6800000,0x00000000fb200000)
 ParOldGen       total 208384K, used 127405K [0x00000000a0000000, 0x00000000acb80000, 0x00000000e0000000)
  object space 208384K, 61% used [0x00000000a0000000,0x00000000a7c6b6a0,0x00000000acb80000)
 Metaspace       used 112604K, capacity 121936K, committed 122880K, reserved 1155072K
  class space    used 13929K, capacity 16145K, committed 16384K, reserved 1048576K
Event: 11252.327 GC heap after
Heap after GC invocations=80 (full 4):
 PSYoungGen      total 359936K, used 66388K [0x00000000e0000000, 0x00000000fc380000, 0x0000000100000000)
  eden space 284160K, 0% used [0x00000000e0000000,0x00000000e0000000,0x00000000f1580000)
  from space 75776K, 87% used [0x00000000f6800000,0x00000000fa8d5110,0x00000000fb200000)
  to   space 84480K, 0% used [0x00000000f1580000,0x00000000f1580000,0x00000000f6800000)
 ParOldGen       total 208384K, used 142028K [0x00000000a0000000, 0x00000000acb80000, 0x00000000e0000000)
  object space 208384K, 68% used [0x00000000a0000000,0x00000000a8ab3220,0x00000000acb80000)
 Metaspace       used 112604K, capacity 121936K, committed 122880K, reserved 1155072K
  class space    used 13929K, capacity 16145K, committed 16384K, reserved 1048576K
}
Event: 11252.859 GC heap before
{Heap before GC invocations=81 (full 4):
 PSYoungGen      total 359936K, used 350548K [0x00000000e0000000, 0x00000000fc380000, 0x0000000100000000)
  eden space 284160K, 100% used [0x00000000e0000000,0x00000000f1580000,0x00000000f1580000)
  from space 75776K, 87% used [0x00000000f6800000,0x00000000fa8d5110,0x00000000fb200000)
  to   space 84480K, 0% used [0x00000000f1580000,0x00000000f1580000,0x00000000f6800000)
 ParOldGen       total 208384K, used 142028K [0x00000000a0000000, 0x00000000acb80000, 0x00000000e0000000)
  object space 208384K, 68% used [0x00000000a0000000,0x00000000a8ab3220,0x00000000acb80000)
 Metaspace       used 112607K, capacity 121936K, committed 122880K, reserved 1155072K
  class space    used 13929K, capacity 16145K, committed 16384K, reserved 1048576K

